
4월 08, 2020 14:21:39.34 NEW SESSION
4월 08, 2020 14:21:39.34 
4월 08, 2020 14:21:39.34 KLIB_SelfTest return : KLR_OK
4월 08, 2020 14:27:41.18 
4월 08, 2020 14:27:41.18 KLIB_SelfTest return : KLR_OK
4월 08, 2020 15:10:05.43 
4월 08, 2020 15:10:05.43 KLIB_SelfTest return : KLR_OK
4월 08, 2020 15:31:11.72 
4월 08, 2020 15:31:11.72 KLIB_SelfTest return : KLR_OK
4월 08, 2020 16:20:00.72 
4월 08, 2020 16:20:00.72 KLIB_SelfTest return : KLR_OK
4월 08, 2020 16:54:33.97 
4월 08, 2020 16:54:33.97 KLIB_SelfTest return : KLR_OK
4월 08, 2020 17:05:27.62 
4월 08, 2020 17:05:27.62 KLIB_SelfTest return : KLR_OK

4월 09, 2020 13:35:50.71 NEW SESSION
4월 09, 2020 13:35:50.71 
4월 09, 2020 13:35:50.71 KLIB_SelfTest return : KLR_OK
4월 09, 2020 16:30:55.34 
4월 09, 2020 16:30:55.34 KLIB_SelfTest return : KLR_OK
4월 09, 2020 16:33:47.55 
4월 09, 2020 16:33:47.55 KLIB_SelfTest return : KLR_OK
4월 09, 2020 19:46:38.65 
4월 09, 2020 19:46:38.65 KLIB_SelfTest return : KLR_OK

4월 10, 2020 09:41:57.65 NEW SESSION
4월 10, 2020 09:41:57.65 
4월 10, 2020 09:41:57.65 KLIB_SelfTest return : KLR_OK
4월 10, 2020 09:54:45.64 
4월 10, 2020 09:54:45.64 KLIB_SelfTest return : KLR_OK
4월 10, 2020 16:34:31.16 
4월 10, 2020 16:34:31.16 KLIB_SelfTest return : KLR_OK
4월 10, 2020 18:25:56.92 
4월 10, 2020 18:25:56.92 KLIB_SelfTest return : KLR_OK
4월 10, 2020 18:26:50.85 
4월 10, 2020 18:26:50.85 KLIB_SelfTest return : KLR_OK
4월 10, 2020 18:27:03.73 
4월 10, 2020 18:27:03.73 KLIB_SelfTest return : KLR_OK

4월 13, 2020 09:52:56.58 NEW SESSION
4월 13, 2020 09:52:56.58 
4월 13, 2020 09:52:56.58 KLIB_SelfTest return : KLR_OK
4월 13, 2020 11:21:09.95 
4월 13, 2020 11:21:09.95 KLIB_SelfTest return : KLR_OK
4월 13, 2020 14:37:47.48 
4월 13, 2020 14:37:47.48 KLIB_SelfTest return : KLR_OK
4월 13, 2020 16:37:29.89 
4월 13, 2020 16:37:29.89 KLIB_SelfTest return : KLR_OK
4월 13, 2020 16:43:52.83 
4월 13, 2020 16:43:52.83 KLIB_SelfTest return : KLR_OK
4월 13, 2020 17:18:51.74 
4월 13, 2020 17:18:51.74 KLIB_SelfTest return : KLR_OK
4월 13, 2020 19:20:01.91 
4월 13, 2020 19:20:01.91 KLIB_SelfTest return : KLR_OK
4월 13, 2020 19:21:03.65 
4월 13, 2020 19:21:03.65 KLIB_SelfTest return : KLR_OK
4월 13, 2020 19:22:07.71 
4월 13, 2020 19:22:07.71 KLIB_SelfTest return : KLR_OK
4월 13, 2020 19:22:15.02 
4월 13, 2020 19:22:15.02 KLIB_SelfTest return : KLR_OK
4월 13, 2020 19:23:22.65 
4월 13, 2020 19:23:22.65 KLIB_SelfTest return : KLR_OK
4월 13, 2020 19:26:26.77 
4월 13, 2020 19:26:26.77 KLIB_SelfTest return : KLR_OK
4월 13, 2020 19:26:52.97 
4월 13, 2020 19:26:52.97 KLIB_SelfTest return : KLR_OK
4월 13, 2020 19:27:42.48 
4월 13, 2020 19:27:42.48 KLIB_SelfTest return : KLR_OK
4월 13, 2020 19:28:00.74 
4월 13, 2020 19:28:00.74 KLIB_SelfTest return : KLR_OK
4월 13, 2020 19:46:52.18 
4월 13, 2020 19:46:52.18 KLIB_SelfTest return : KLR_OK

4월 14, 2020 08:51:18.54 NEW SESSION
4월 14, 2020 08:51:18.54 
4월 14, 2020 08:51:18.54 KLIB_SelfTest return : KLR_OK
4월 14, 2020 09:06:16.16 
4월 14, 2020 09:06:16.16 KLIB_SelfTest return : KLR_OK
4월 14, 2020 09:38:52.06 
4월 14, 2020 09:38:52.06 KLIB_SelfTest return : KLR_OK
4월 14, 2020 09:54:00.09 
4월 14, 2020 09:54:00.09 KLIB_SelfTest return : KLR_OK
4월 14, 2020 10:04:25.47 
4월 14, 2020 10:04:25.47 KLIB_SelfTest return : KLR_OK
4월 14, 2020 10:19:41.25 
4월 14, 2020 10:19:41.25 KLIB_SelfTest return : KLR_OK
4월 14, 2020 11:15:05.33 
4월 14, 2020 11:15:05.33 KLIB_SelfTest return : KLR_OK
4월 14, 2020 11:37:20.33 
4월 14, 2020 11:37:20.33 KLIB_SelfTest return : KLR_OK
4월 14, 2020 11:37:38.59 
4월 14, 2020 11:37:38.59 KLIB_SelfTest return : KLR_OK
4월 14, 2020 11:42:53.73 
4월 14, 2020 11:42:53.73 KLIB_SelfTest return : KLR_OK
4월 14, 2020 11:58:04.04 
4월 14, 2020 11:58:04.04 KLIB_SelfTest return : KLR_OK
4월 14, 2020 13:29:05.06 
4월 14, 2020 13:29:05.06 KLIB_SelfTest return : KLR_OK
4월 14, 2020 14:19:07.30 
4월 14, 2020 14:19:07.30 KLIB_SelfTest return : KLR_OK
4월 14, 2020 15:29:53.68 
4월 14, 2020 15:29:53.68 KLIB_SelfTest return : KLR_OK
4월 14, 2020 15:37:50.39 
4월 14, 2020 15:37:50.39 KLIB_SelfTest return : KLR_OK
4월 14, 2020 15:41:03.83 
4월 14, 2020 15:41:03.83 KLIB_SelfTest return : KLR_OK
4월 14, 2020 15:41:59.09 
4월 14, 2020 15:41:59.09 KLIB_SelfTest return : KLR_OK
4월 14, 2020 16:11:38.00 
4월 14, 2020 16:11:38.00 KLIB_SelfTest return : KLR_OK
4월 14, 2020 19:20:40.47 
4월 14, 2020 19:20:40.47 KLIB_SelfTest return : KLR_OK
4월 14, 2020 19:37:52.45 
4월 14, 2020 19:37:52.45 KLIB_SelfTest return : KLR_OK
4월 14, 2020 20:04:47.98 
4월 14, 2020 20:04:47.98 KLIB_SelfTest return : KLR_OK
4월 14, 2020 20:13:20.88 
4월 14, 2020 20:13:20.88 KLIB_SelfTest return : KLR_OK
4월 14, 2020 20:56:50.24 
4월 14, 2020 20:56:50.24 KLIB_SelfTest return : KLR_OK

4월 16, 2020 19:28:11.70 NEW SESSION
4월 16, 2020 19:28:11.70 
4월 16, 2020 19:28:11.70 KLIB_SelfTest return : KLR_OK
4월 16, 2020 19:48:51.17 
4월 16, 2020 19:48:51.17 KLIB_SelfTest return : KLR_OK

4월 17, 2020 15:51:29.55 NEW SESSION
4월 17, 2020 15:51:29.55 
4월 17, 2020 15:51:29.55 KLIB_SelfTest return : KLR_OK
4월 17, 2020 16:10:24.32 
4월 17, 2020 16:10:24.32 KLIB_SelfTest return : KLR_OK
4월 17, 2020 16:20:03.47 
4월 17, 2020 16:20:03.47 KLIB_SelfTest return : KLR_OK
4월 17, 2020 16:43:34.21 
4월 17, 2020 16:43:34.21 KLIB_SelfTest return : KLR_OK
4월 17, 2020 17:42:04.38 
4월 17, 2020 17:42:04.38 KLIB_SelfTest return : KLR_OK
4월 17, 2020 17:44:42.19 
4월 17, 2020 17:44:42.19 KLIB_SelfTest return : KLR_OK
4월 17, 2020 17:49:30.75 
4월 17, 2020 17:49:30.75 KLIB_SelfTest return : KLR_OK
4월 17, 2020 17:49:36.77 
4월 17, 2020 17:49:36.77 KLIB_SelfTest return : KLR_OK
4월 17, 2020 17:49:44.35 
4월 17, 2020 17:49:44.35 KLIB_SelfTest return : KLR_OK
4월 17, 2020 17:51:02.82 
4월 17, 2020 17:51:02.82 KLIB_SelfTest return : KLR_OK
4월 17, 2020 17:52:24.04 
4월 17, 2020 17:52:24.04 KLIB_SelfTest return : KLR_OK

4월 23, 2020 08:25:08.78 NEW SESSION
4월 23, 2020 08:25:08.78 [3392:976:0423/082508.768:ERROR:browser_switcher_service.cc(238)] XXX Init()
4월 23, 2020 08:52:38.63 [4420:5440:0423/085238.627:ERROR:browser_switcher_service.cc(238)] XXX Init()
4월 23, 2020 08:56:49.34 [5456:5992:0423/085649.347:ERROR:browser_switcher_service.cc(238)] XXX Init()
4월 23, 2020 09:17:06.08 [5952:5320:0423/091706.085:ERROR:browser_switcher_service.cc(238)] XXX Init()
4월 23, 2020 09:19:38.21 [3100:880:0423/091938.218:ERROR:browser_switcher_service.cc(238)] XXX Init()
4월 23, 2020 09:21:14.40 [4224:5876:0423/092114.405:ERROR:browser_switcher_service.cc(238)] XXX Init()
4월 23, 2020 09:25:40.07 [6012:5376:0423/092540.073:ERROR:browser_switcher_service.cc(238)] XXX Init()

4월 23, 2020 16:23:11.27 NEW SESSION
4월 23, 2020 16:23:11.27 [5424:3740:0423/162311.258:ERROR:browser_switcher_service.cc(238)] XXX Init()

4월 23, 2020 16:36:42.06 NEW SESSION
4월 23, 2020 16:36:42.06 [1256:2944:0423/163642.044:ERROR:browser_switcher_service.cc(238)] XXX Init()

4월 23, 2020 18:43:59.47 NEW SESSION
4월 23, 2020 18:43:59.47 [4368:2612:0423/184359.456:ERROR:browser_switcher_service.cc(238)] XXX Init()
4월 23, 2020 19:01:25.85 [4976:5848:0423/190125.850:ERROR:browser_switcher_service.cc(238)] XXX Init()
4월 23, 2020 19:03:54.56 [1732:4832:0423/190354.563:ERROR:browser_switcher_service.cc(238)] XXX Init()

4월 27, 2020 18:59:11.44 NEW SESSION
4월 27, 2020 18:59:11.44 [9924:9964:0427/185911.341:ERROR:browser_switcher_service.cc(238)] XXX Init()

4월 28, 2020 09:55:23.56 NEW SESSION
4월 28, 2020 09:55:23.56 [844:4740:0428/095523.522:ERROR:browser_switcher_service.cc(238)] XXX Init()
4월 28, 2020 10:20:23.96 [6316:6860:0428/102023.963:ERROR:browser_switcher_service.cc(238)] XXX Init()
4월 28, 2020 10:42:32.56 [2040:5480:0428/104232.560:ERROR:browser_switcher_service.cc(238)] XXX Init()

4월 28, 2020 19:32:29.16 NEW SESSION
4월 28, 2020 19:32:29.16 [5788:6524:0428/193229.159:ERROR:browser_switcher_service.cc(238)] XXX Init()
4월 28, 2020 19:32:50.03 [5116:6244:0428/193250.033:ERROR:component_installer.cc(321)] Failed to read manifest or verify installation for CRLSet (C:\Users\1\AppData\Local\Google\Chrome\User Data\CertificateRevocation\5838).: 지정된 파일을 찾을 수 없습니다. (0x2)
4월 28, 2020 19:32:50.08 [5116:2136:0428/193250.079:ERROR:browser_switcher_service.cc(238)] XXX Init()
4월 28, 2020 19:34:57.75 [8176:6760:0428/193457.758:ERROR:browser_switcher_service.cc(238)] XXX Init()
4월 28, 2020 19:35:19.70 [8372:7696:0428/193519.700:ERROR:browser_switcher_service.cc(238)] XXX Init()
4월 28, 2020 19:36:37.24 [6372:8144:0428/193637.240:ERROR:browser_switcher_service.cc(238)] XXX Init()

4월 29, 2020 09:02:11.42 NEW SESSION
4월 29, 2020 09:02:11.42 [5432:5108:0429/090211.418:ERROR:browser_switcher_service.cc(238)] XXX Init()
4월 29, 2020 09:08:29.06 [2852:5892:0429/090829.069:ERROR:browser_switcher_service.cc(238)] XXX Init()

4월 29, 2020 18:53:59.85 NEW SESSION
4월 29, 2020 18:53:59.85 [952:6940:0429/185359.852:ERROR:browser_switcher_service.cc(238)] XXX Init()
4월 29, 2020 18:54:33.64 [6760:2108:0429/185433.649:ERROR:browser_switcher_service.cc(238)] XXX Init()
4월 29, 2020 18:57:56.44 [9028:6912:0429/185756.439:ERROR:browser_switcher_service.cc(238)] XXX Init()

5월 01, 2020 08:43:02.85 NEW SESSION
5월 01, 2020 08:43:02.85 [5680:4716:0501/084302.777:ERROR:browser_switcher_service.cc(238)] XXX Init()
5월 01, 2020 18:06:14.99 [8064:6848:0501/180614.995:ERROR:browser_switcher_service.cc(238)] XXX Init()

5월 06, 2020 10:28:25.60 NEW SESSION
5월 06, 2020 10:28:25.60 [7148:6544:0506/102825.593:ERROR:browser_switcher_service.cc(238)] XXX Init()
5월 06, 2020 10:29:04.60 [7352:4296:0506/102904.602:ERROR:browser_switcher_service.cc(238)] XXX Init()
5월 06, 2020 10:29:12.77 [8404:8408:0506/102912.775:ERROR:browser_switcher_service.cc(238)] XXX Init()
5월 06, 2020 10:44:38.15 [8660:8640:0506/104438.158:ERROR:browser_switcher_service.cc(238)] XXX Init()
5월 06, 2020 10:44:56.24 [7840:7672:0506/104456.247:ERROR:browser_switcher_service.cc(238)] XXX Init()
5월 06, 2020 10:50:23.34 [7888:7716:0506/105023.335:ERROR:browser_switcher_service.cc(238)] XXX Init()
5월 06, 2020 11:04:57.17 [8116:6804:0506/110457.177:ERROR:browser_switcher_service.cc(238)] XXX Init()
5월 06, 2020 11:07:55.97 [7528:7416:0506/110755.970:ERROR:browser_switcher_service.cc(238)] XXX Init()
5월 06, 2020 11:09:50.30 [7328:8964:0506/110950.305:ERROR:browser_switcher_service.cc(238)] XXX Init()
5월 06, 2020 11:11:22.46 [7868:468:0506/111122.459:ERROR:browser_switcher_service.cc(238)] XXX Init()
5월 06, 2020 11:15:45.55 [8032:7724:0506/111545.550:ERROR:browser_switcher_service.cc(238)] XXX Init()
5월 06, 2020 11:22:49.27 [8272:6344:0506/112249.276:ERROR:browser_switcher_service.cc(238)] XXX Init()

5월 07, 2020 10:11:50.78 NEW SESSION
5월 07, 2020 10:11:50.78 [6312:6128:0507/101150.773:ERROR:browser_switcher_service.cc(238)] XXX Init()
5월 07, 2020 10:25:14.30 [2240:6776:0507/102514.302:ERROR:browser_switcher_service.cc(238)] XXX Init()
5월 07, 2020 16:22:25.61 [4092:5752:0507/162225.607:ERROR:component_installer.cc(321)] Failed to read manifest or verify installation for CRLSet (C:\Users\1\AppData\Local\Google\Chrome\User Data\CertificateRevocation\5854).: 지정된 파일을 찾을 수 없습니다. (0x2)
5월 07, 2020 16:22:25.66 [4092:4488:0507/162225.668:ERROR:browser_switcher_service.cc(238)] XXX Init()
5월 07, 2020 17:49:36.76 [2660:8084:0507/174936.769:ERROR:browser_switcher_service.cc(238)] XXX Init()
5월 07, 2020 17:52:28.23 [7132:9628:0507/175228.237:ERROR:browser_switcher_service.cc(238)] XXX Init()

5월 08, 2020 09:39:47.44 NEW SESSION
5월 08, 2020 09:39:47.44 [3120:5128:0508/093947.399:ERROR:browser_switcher_service.cc(238)] XXX Init()
5월 08, 2020 09:40:35.77 [6476:6480:0508/094035.776:ERROR:browser_switcher_service.cc(238)] XXX Init()

5월 08, 2020 17:56:09.91 NEW SESSION
5월 08, 2020 17:56:09.91 [9756:5564:0508/175609.810:ERROR:browser_switcher_service.cc(238)] XXX Init()
